<?xml version="1.0" encoding="UTF-8"?>
<!-- Generated by org.testng.reporters.JUnitReportReporter -->
<testsuite hostname="ABHAI" failures="0" tests="1" name="testCase.TC001_AccountRegistrerationTest" time="1.361" errors="0" timestamp="2024-09-16T21:40:05 IST" skipped="0">
  <testcase classname="testCase.TC001_AccountRegistrerationTest" name="TC001_verify_account_registration" time="1.361"/>
</testsuite> <!-- testCase.TC001_AccountRegistrerationTest -->
